[debug] [2023-10-12T11:43:30.962Z] ----------------------------------------------------------------------
[debug] [2023-10-12T11:43:30.963Z] Command:       /usr/local/bin/node /usr/local/bin/firebase init
[debug] [2023-10-12T11:43:30.963Z] CLI Version:   12.4.8
[debug] [2023-10-12T11:43:30.964Z] Platform:      darwin
[debug] [2023-10-12T11:43:30.964Z] Node Version:  v18.16.1
[debug] [2023-10-12T11:43:30.965Z] Time:          Thu Oct 12 2023 14:43:30 GMT+0300 (GMT+03:00)
[debug] [2023-10-12T11:43:30.965Z] ----------------------------------------------------------------------
[debug] 
[debug] [2023-10-12T11:43:30.966Z] >>> [apiv2][query] GET https://firebase-public.firebaseio.com/cli.json [none]
[debug] [2023-10-12T11:43:30.989Z] > command requires scopes: ["email","openid","https://www.googleapis.com/auth/cloudplatformprojects.readonly","https://www.googleapis.com/auth/firebase","https://www.googleapis.com/auth/cloud-platform"]
[debug] [2023-10-12T11:43:30.989Z] > authorizing via signed-in user (dkntarif@gmail.com)
[info] 
     ######## #### ########  ######## ########     ###     ######  ########
     ##        ##  ##     ## ##       ##     ##  ##   ##  ##       ##
     ######    ##  ########  ######   ########  #########  ######  ######
     ##        ##  ##    ##  ##       ##     ## ##     ##       ## ##
     ##       #### ##     ## ######## ########  ##     ##  ######  ########

You're about to initialize a Firebase project in this directory:

  /Users/arifdikkanat/Desktop/laundaily

[debug] [2023-10-12T11:43:31.352Z] <<< [apiv2][status] GET https://firebase-public.firebaseio.com/cli.json 200
[debug] [2023-10-12T11:43:31.353Z] <<< [apiv2][body] GET https://firebase-public.firebaseio.com/cli.json {"cloudBuildErrorAfter":1594252800000,"cloudBuildWarnAfter":1590019200000,"defaultNode10After":1594252800000,"minVersion":"3.0.5","node8DeploysDisabledAfter":1613390400000,"node8RuntimeDisabledAfter":1615809600000,"node8WarnAfter":1600128000000}
